Watching for file changes with StatReloader
[30/May/2023 23:27:38] "GET / HTTP/1.1" 200 8378
[30/May/2023 23:27:39] "GET / HTTP/1.1" 200 8378
[30/May/2023 23:27:42] "GET /app/afternoonnapmusicList/ HTTP/1.1" 200 11232
[30/May/2023 23:27:46] "GET /app/afternoonnapmusicList/1/ HTTP/1.1" 200 11245
[30/May/2023 23:27:50] "PUT /app/afternoonnapmusicList/1/ HTTP/1.1" 200 11243
[30/May/2023 23:27:53] "GET /app/afternoonnapmusicList/2/ HTTP/1.1" 200 11236
[30/May/2023 23:27:57] "PUT /app/afternoonnapmusicList/2/ HTTP/1.1" 200 11234
[30/May/2023 23:27:59] "GET /app/afternoonnapmusicList/3/ HTTP/1.1" 200 11242
[30/May/2023 23:28:02] "PUT /app/afternoonnapmusicList/3/ HTTP/1.1" 200 11240
[30/May/2023 23:28:04] "GET /app/afternoonnapmusicList/4/ HTTP/1.1" 200 11260
[30/May/2023 23:28:07] "PUT /app/afternoonnapmusicList/4/ HTTP/1.1" 200 11258
[30/May/2023 23:28:09] "GET / HTTP/1.1" 200 8378
[30/May/2023 23:28:12] "GET /app/afternoonnapmusicList/ HTTP/1.1" 200 11224
[30/May/2023 23:28:45] "GET /app/goodafternoon/?format=json HTTP/1.1" 200 75
[30/May/2023 23:29:13] "GET /app/goodafternoon/?format=json HTTP/1.1" 200 75
[30/May/2023 23:29:38] "GET /app/goodafternoon/?format=json HTTP/1.1" 200 75
[30/May/2023 23:30:59] "GET /app/goodafternoon/?format=json HTTP/1.1" 200 75
[30/May/2023 23:30:59] "GET /app/afternoonnapmusicList/get_music_name/ HTTP/1.1" 200 110
[30/May/2023 23:30:59] "GET /app/afternoonnapmusicList/?format=json HTTP/1.1" 200 442
[30/May/2023 23:31:47] "GET /app/goodafternoon/?format=json HTTP/1.1" 200 75
[30/May/2023 23:31:47] "GET /app/afternoonnapmusicList/get_music_name/ HTTP/1.1" 200 110
[30/May/2023 23:31:47] "GET /app/afternoonnapmusicList/?format=json HTTP/1.1" 200 442
[30/May/2023 23:37:23] "GET /app/goodmorning/?format=json HTTP/1.1" 200 97
[30/May/2023 23:37:56] "GET /app/goodmorning/?format=json HTTP/1.1" 200 97
[30/May/2023 23:37:56] "GET /app/morningmusiclist/get_music_name/?format=json HTTP/1.1" 200 78
[30/May/2023 23:37:56] "GET /app/morningmusiclist/?format=json HTTP/1.1" 200 240
[30/May/2023 23:38:00] "GET /app/morningdestlist/get_music_name/ HTTP/1.1" 200 64
[30/May/2023 23:38:00] "GET /app/morningdestlist/?format=json HTTP/1.1" 200 321
[30/May/2023 23:49:31] "GET /app/goodmorning/?format=json HTTP/1.1" 200 97
[30/May/2023 23:49:40] "GET / HTTP/1.1" 200 8378
[30/May/2023 23:49:41] "GET /app/account/ HTTP/1.1" 200 28572
[30/May/2023 23:49:44] "GET /app/goodmorning/ HTTP/1.1" 200 10051
[30/May/2023 23:49:47] "GET /app/goodmorning/1/ HTTP/1.1" 200 11378
[30/May/2023 23:50:09] "PUT /app/goodmorning/1/ HTTP/1.1" 200 11351
[30/May/2023 23:50:09] "GET /app/morningmusiclist/get_music_name/?format=json HTTP/1.1" 200 78
[30/May/2023 23:50:10] "GET /app/morningmusiclist/?format=json HTTP/1.1" 200 240
[30/May/2023 23:50:11] "GET / HTTP/1.1" 200 8378
[30/May/2023 23:50:32] "GET /app/goodmorning/?format=json HTTP/1.1" 200 88
[30/May/2023 23:51:10] "GET /app/morningmusiclist/get_music_name/?format=json HTTP/1.1" 200 78
[30/May/2023 23:51:10] "GET /app/morningmusiclist/?format=json HTTP/1.1" 200 240
[30/May/2023 23:52:29] "GET /app/goodmorning/?format=json HTTP/1.1" 200 88
[30/May/2023 23:53:08] "GET /app/morningmusiclist/get_music_name/?format=json HTTP/1.1" 200 78
[30/May/2023 23:53:08] "GET /app/morningmusiclist/?format=json HTTP/1.1" 200 240
[30/May/2023 23:53:18] "GET /app/goodmorning/?format=json HTTP/1.1" 200 88
[30/May/2023 23:57:25] "GET /app/goodmorning/?format=json HTTP/1.1" 200 88
[30/May/2023 23:58:02] "GET /app/goodmorning/?format=json HTTP/1.1" 200 88
[30/May/2023 23:58:51] "GET /app/morningmusiclist/get_music_name/?format=json HTTP/1.1" 200 78
[30/May/2023 23:58:51] "GET /app/morningmusiclist/?format=json HTTP/1.1" 200 240
[30/May/2023 23:59:13] "GET /app/goodmorning/?format=json HTTP/1.1" 200 88
[30/May/2023 23:59:36] "GET /app/goodmorning/?format=json HTTP/1.1" 200 88
[30/May/2023 23:59:45] "GET /app/goodmorning/?format=json HTTP/1.1" 200 88
[31/May/2023 00:00:40] "GET /app/goodmorning/?format=json HTTP/1.1" 200 88
[31/May/2023 00:00:57] "GET /app/goodmorning/?format=json HTTP/1.1" 200 88
[31/May/2023 00:01:44] "GET /app/morningmusiclist/get_music_name/?format=json HTTP/1.1" 200 78
[31/May/2023 00:01:44] "GET /app/morningmusiclist/?format=json HTTP/1.1" 200 240
[31/May/2023 00:02:41] "GET /app/goodmorning/?format=json HTTP/1.1" 200 88
[31/May/2023 00:03:30] "GET /app/morningmusiclist/get_music_name/?format=json HTTP/1.1" 200 78
[31/May/2023 00:03:30] "GET /app/morningmusiclist/?format=json HTTP/1.1" 200 240
[31/May/2023 00:04:11] "GET /app/goodmorning/?format=json HTTP/1.1" 200 88
[31/May/2023 00:04:24] "GET /app/goodmorning/?format=json HTTP/1.1" 200 88
[31/May/2023 00:04:24] "GET /app/morningmusiclist/get_music_name/?format=json HTTP/1.1" 200 78
[31/May/2023 00:04:24] "GET /app/morningmusiclist/?format=json HTTP/1.1" 200 240
[31/May/2023 00:04:27] "GET /app/morningdestlist/get_music_name/ HTTP/1.1" 200 64
[31/May/2023 00:04:27] "GET /app/morningdestlist/?format=json HTTP/1.1" 200 321
[31/May/2023 00:04:37] "GET /app/goodmorning/?format=json HTTP/1.1" 200 88
[31/May/2023 00:04:37] "GET /app/morningmusiclist/get_music_name/?format=json HTTP/1.1" 200 78
[31/May/2023 00:04:37] "GET /app/morningmusiclist/?format=json HTTP/1.1" 200 240
[31/May/2023 00:04:40] "GET /app/morningdestlist/get_music_name/ HTTP/1.1" 200 64
[31/May/2023 00:04:40] "GET /app/morningdestlist/?format=json HTTP/1.1" 200 321
[31/May/2023 00:04:52] "GET /app/goodmorning/?format=json HTTP/1.1" 200 88
[31/May/2023 00:04:52] "GET /app/morningmusiclist/get_music_name/?format=json HTTP/1.1" 200 78
[31/May/2023 00:04:52] "GET /app/morningmusiclist/?format=json HTTP/1.1" 200 240
[31/May/2023 00:04:55] "GET /app/morningdestlist/get_music_name/ HTTP/1.1" 200 64
[31/May/2023 00:04:55] "GET /app/morningdestlist/?format=json HTTP/1.1" 200 321
[31/May/2023 00:05:32] "GET /app/goodmorning/?format=json HTTP/1.1" 200 88
[31/May/2023 00:05:32] "GET /app/morningmusiclist/get_music_name/?format=json HTTP/1.1" 200 78
[31/May/2023 00:05:32] "GET /app/morningmusiclist/?format=json HTTP/1.1" 200 240
[31/May/2023 00:05:35] "GET /app/morningdestlist/get_music_name/ HTTP/1.1" 200 64
[31/May/2023 00:05:35] "GET /app/morningdestlist/?format=json HTTP/1.1" 200 321
[31/May/2023 00:06:05] "GET /app/goodmorning/?format=json HTTP/1.1" 200 88
[31/May/2023 00:06:05] "GET /app/morningmusiclist/get_music_name/?format=json HTTP/1.1" 200 78
[31/May/2023 00:06:05] "GET /app/morningmusiclist/?format=json HTTP/1.1" 200 240
[31/May/2023 00:06:08] "GET /app/morningdestlist/get_music_name/ HTTP/1.1" 200 64
[31/May/2023 00:06:08] "GET /app/morningdestlist/?format=json HTTP/1.1" 200 321
[31/May/2023 00:06:36] "GET /app/goodmorning/?format=json HTTP/1.1" 200 88
[31/May/2023 00:07:24] "GET /app/morningmusiclist/get_music_name/?format=json HTTP/1.1" 200 78
[31/May/2023 00:07:24] "GET /app/morningmusiclist/?format=json HTTP/1.1" 200 240
[31/May/2023 00:07:47] "GET /app/goodmorning/?format=json HTTP/1.1" 200 88
[31/May/2023 00:07:47] "GET /app/morningmusiclist/get_music_name/?format=json HTTP/1.1" 200 78
[31/May/2023 00:07:47] "GET /app/morningmusiclist/?format=json HTTP/1.1" 200 240
[31/May/2023 00:07:51] "GET /app/morningdestlist/get_music_name/ HTTP/1.1" 200 64
[31/May/2023 00:07:51] "GET /app/morningdestlist/?format=json HTTP/1.1" 200 321
[31/May/2023 00:08:15] "GET /app/goodafternoon/?format=json HTTP/1.1" 200 75
[31/May/2023 00:09:08] "GET /app/goodafternoon/?format=json HTTP/1.1" 200 75
[31/May/2023 00:10:11] "GET /app/goodafternoon/?format=json HTTP/1.1" 200 75
[31/May/2023 00:12:00] "GET /app/goodafternoon/?format=json HTTP/1.1" 200 75
[31/May/2023 00:12:05] "GET /app/goodmorning/?format=json HTTP/1.1" 200 88
[31/May/2023 00:12:53] "GET /app/goodmorning/?format=json HTTP/1.1" 200 88
[31/May/2023 00:13:32] "GET /app/goodmorning/?format=json HTTP/1.1" 200 88
[31/May/2023 00:14:22] "GET /app/morningmusiclist/get_music_name/?format=json HTTP/1.1" 200 78
[31/May/2023 00:14:22] "GET /app/morningmusiclist/?format=json HTTP/1.1" 200 240
[31/May/2023 00:14:57] "GET /app/goodmorning/?format=json HTTP/1.1" 200 88
[31/May/2023 00:15:47] "GET /app/morningmusiclist/get_music_name/?format=json HTTP/1.1" 200 78
[31/May/2023 00:15:47] "GET /app/morningmusiclist/?format=json HTTP/1.1" 200 240
[31/May/2023 00:16:05] "GET /app/goodmorning/?format=json HTTP/1.1" 200 88
[31/May/2023 00:16:13] "GET /app/goodmorning/?format=json HTTP/1.1" 200 88
[31/May/2023 00:17:02] "GET /app/morningmusiclist/get_music_name/?format=json HTTP/1.1" 200 78
[31/May/2023 00:17:02] "GET /app/morningmusiclist/?format=json HTTP/1.1" 200 240
[31/May/2023 00:17:17] "GET /app/goodmorning/?format=json HTTP/1.1" 200 88
[31/May/2023 00:18:09] "GET /app/goodmorning/?format=json HTTP/1.1" 200 88
[31/May/2023 00:18:20] "GET /app/goodmorning/?format=json HTTP/1.1" 200 88
[31/May/2023 00:18:31] "GET /app/goodmorning/?format=json HTTP/1.1" 200 88
[31/May/2023 00:19:20] "GET /app/morningmusiclist/get_music_name/?format=json HTTP/1.1" 200 78
[31/May/2023 00:19:20] "GET /app/morningmusiclist/?format=json HTTP/1.1" 200 240
[31/May/2023 00:19:52] "GET /app/goodmorning/?format=json HTTP/1.1" 200 88
[31/May/2023 00:19:52] "GET /app/morningmusiclist/get_music_name/?format=json HTTP/1.1" 200 78
[31/May/2023 00:19:52] "GET /app/morningmusiclist/?format=json HTTP/1.1" 200 240
[31/May/2023 00:19:56] "GET /app/morningdestlist/get_music_name/ HTTP/1.1" 200 64
[31/May/2023 00:19:56] "GET /app/morningdestlist/?format=json HTTP/1.1" 200 321
[31/May/2023 00:20:23] "GET /app/goodafternoon/?format=json HTTP/1.1" 200 75
[31/May/2023 00:21:00] "GET /app/goodafternoon/?format=json HTTP/1.1" 200 75
[31/May/2023 00:21:00] "GET /app/afternoonstudymusicList/get_music_name/ HTTP/1.1" 200 48
[31/May/2023 00:21:00] "GET /app/afternoonstudymusicList/?format=json HTTP/1.1" 200 156
[31/May/2023 00:21:13] "GET /app/goodafternoon/?format=json HTTP/1.1" 200 75
[31/May/2023 00:21:13] "GET /app/afternoonnapmusicList/get_music_name/ HTTP/1.1" 200 110
[31/May/2023 00:21:13] "GET /app/afternoonnapmusicList/?format=json HTTP/1.1" 200 442
[31/May/2023 00:21:16] "GET /app/goodevening/?format=json HTTP/1.1" 200 97
[31/May/2023 00:21:20] "GET /app/goodafternoon/?format=json HTTP/1.1" 200 75
[31/May/2023 00:21:24] "GET /app/eveningdiary/?format=json HTTP/1.1" 200 35
[31/May/2023 00:21:27] "GET /app/goodevening/?format=json HTTP/1.1" 200 97
[31/May/2023 00:21:57] "GET /app/goodafternoon/?format=json HTTP/1.1" 200 75
[31/May/2023 00:21:57] "GET /app/afternoonstudymusicList/get_music_name/ HTTP/1.1" 200 48
[31/May/2023 00:21:57] "GET /app/afternoonstudymusicList/?format=json HTTP/1.1" 200 156
[31/May/2023 00:23:04] "GET /app/goodmorning/?format=json HTTP/1.1" 200 88
[31/May/2023 00:23:54] "GET /app/morningmusiclist/get_music_name/?format=json HTTP/1.1" 200 78
[31/May/2023 00:23:54] "GET /app/morningmusiclist/?format=json HTTP/1.1" 200 240
[31/May/2023 00:24:15] "GET /app/goodmorning/?format=json HTTP/1.1" 200 88
[31/May/2023 00:24:15] "GET /app/morningmusiclist/get_music_name/?format=json HTTP/1.1" 200 78
[31/May/2023 00:24:15] "GET /app/morningmusiclist/?format=json HTTP/1.1" 200 240
[31/May/2023 00:24:18] "GET /app/morningdestlist/get_music_name/ HTTP/1.1" 200 64
[31/May/2023 00:24:18] "GET /app/morningdestlist/?format=json HTTP/1.1" 200 321
[31/May/2023 00:25:19] "GET /app/goodmorning/?format=json HTTP/1.1" 200 88
[31/May/2023 00:26:08] "GET /app/morningmusiclist/get_music_name/?format=json HTTP/1.1" 200 78
[31/May/2023 00:26:08] "GET /app/morningmusiclist/?format=json HTTP/1.1" 200 240
[31/May/2023 00:26:40] "GET /app/goodmorning/?format=json HTTP/1.1" 200 88
[31/May/2023 00:26:40] "GET /app/morningmusiclist/get_music_name/?format=json HTTP/1.1" 200 78
[31/May/2023 00:26:40] "GET /app/morningmusiclist/?format=json HTTP/1.1" 200 240
[31/May/2023 00:26:44] "GET /app/morningdestlist/get_music_name/ HTTP/1.1" 200 64
[31/May/2023 00:26:44] "GET /app/morningdestlist/?format=json HTTP/1.1" 200 321
[31/May/2023 00:27:27] "GET /app/goodmorning/?format=json HTTP/1.1" 200 88
[31/May/2023 00:28:18] "GET /app/morningmusiclist/get_music_name/?format=json HTTP/1.1" 200 78
[31/May/2023 00:28:18] "GET /app/morningmusiclist/?format=json HTTP/1.1" 200 240
[31/May/2023 00:28:39] "GET /app/goodmorning/?format=json HTTP/1.1" 200 88
[31/May/2023 00:28:39] "GET /app/morningmusiclist/get_music_name/?format=json HTTP/1.1" 200 78
[31/May/2023 00:28:39] "GET /app/morningmusiclist/?format=json HTTP/1.1" 200 240
[31/May/2023 00:28:43] "GET /app/morningdestlist/get_music_name/ HTTP/1.1" 200 64
[31/May/2023 00:28:43] "GET /app/morningdestlist/?format=json HTTP/1.1" 200 321
[31/May/2023 00:29:08] "GET /app/goodafternoon/?format=json HTTP/1.1" 200 75
[31/May/2023 00:29:44] "GET /app/goodafternoon/?format=json HTTP/1.1" 200 75
[31/May/2023 00:29:44] "GET /app/afternoonstudymusicList/get_music_name/ HTTP/1.1" 200 48
[31/May/2023 00:29:44] "GET /app/afternoonstudymusicList/?format=json HTTP/1.1" 200 156
[31/May/2023 00:30:19] "GET /app/goodafternoon/?format=json HTTP/1.1" 200 75
[31/May/2023 00:30:19] "GET /app/afternoonstudymusicList/get_music_name/ HTTP/1.1" 200 48
[31/May/2023 00:30:19] "GET /app/afternoonstudymusicList/?format=json HTTP/1.1" 200 156
[31/May/2023 00:30:57] "GET /app/goodafternoon/?format=json HTTP/1.1" 200 75
[31/May/2023 00:30:58] "GET /app/afternoonnapmusicList/get_music_name/ HTTP/1.1" 200 110
[31/May/2023 00:30:58] "GET /app/afternoonnapmusicList/?format=json HTTP/1.1" 200 442
[31/May/2023 00:31:28] "GET /app/goodafternoon/?format=json HTTP/1.1" 200 75
[31/May/2023 00:31:28] "GET /app/afternoonnapmusicList/get_music_name/ HTTP/1.1" 200 110
[31/May/2023 00:31:28] "GET /app/afternoonnapmusicList/?format=json HTTP/1.1" 200 442
[31/May/2023 00:31:59] "GET /app/goodafternoon/?format=json HTTP/1.1" 200 75
[31/May/2023 00:31:59] "GET /app/afternoonnapmusicList/get_music_name/ HTTP/1.1" 200 110
[31/May/2023 00:31:59] "GET /app/afternoonnapmusicList/?format=json HTTP/1.1" 200 442
[31/May/2023 00:32:32] "GET /app/goodevening/?format=json HTTP/1.1" 200 97
[31/May/2023 00:33:34] "GET /app/goodevening/?format=json HTTP/1.1" 200 97
[31/May/2023 00:33:52] "GET /app/goodevening/?format=json HTTP/1.1" 200 97
[31/May/2023 00:35:47] "GET /app/goodevening/?format=json HTTP/1.1" 200 97
[31/May/2023 00:36:27] "GET /app/goodafternoon/?format=json HTTP/1.1" 200 75
[31/May/2023 00:37:06] "GET /app/goodafternoon/?format=json HTTP/1.1" 200 75
[31/May/2023 00:37:30] "GET /app/eveningdiary/?format=json HTTP/1.1" 200 35
[31/May/2023 00:38:27] "GET /app/eveningdiary/?format=json HTTP/1.1" 200 35
[31/May/2023 00:39:25] "GET /app/eveningsleepmusiclist/get_sleepmusic_name/ HTTP/1.1" 200 61
[31/May/2023 00:39:25] "GET /app/eveningsleepmusiclist/?format=json HTTP/1.1" 200 169
[31/May/2023 00:39:47] "GET /app/eveningdiary/?format=json HTTP/1.1" 200 35
[31/May/2023 00:40:29] "GET /app/eveningsleepmusiclist/get_sleepmusic_name/ HTTP/1.1" 200 61
[31/May/2023 00:40:29] "GET /app/eveningsleepmusiclist/?format=json HTTP/1.1" 200 169
[31/May/2023 00:41:01] "GET /app/eveningdiary/?format=json HTTP/1.1" 200 35
[31/May/2023 00:41:42] "GET /app/eveningsleepmusiclist/get_sleepmusic_name/ HTTP/1.1" 200 61
[31/May/2023 00:41:42] "GET /app/eveningsleepmusiclist/?format=json HTTP/1.1" 200 169
[31/May/2023 00:42:10] "GET /app/eveningdiary/?format=json HTTP/1.1" 200 35
[31/May/2023 00:42:18] "GET /app/eveningdiary/?format=json HTTP/1.1" 200 35
[31/May/2023 00:43:03] "GET /app/eveningsleepmusiclist/get_sleepmusic_name/ HTTP/1.1" 200 61
[31/May/2023 00:43:03] "GET /app/eveningsleepmusiclist/?format=json HTTP/1.1" 200 169
[31/May/2023 00:44:03] "GET /app/eveningdiary/?format=json HTTP/1.1" 200 35
[31/May/2023 00:44:48] "GET /app/eveningsleepmusiclist/get_sleepmusic_name/ HTTP/1.1" 200 61
[31/May/2023 00:44:48] "GET /app/eveningsleepmusiclist/?format=json HTTP/1.1" 200 169
[31/May/2023 00:45:30] "GET /app/goodmorning/?format=json HTTP/1.1" 200 88
[31/May/2023 00:46:20] "GET /app/morningmusiclist/get_music_name/?format=json HTTP/1.1" 200 78
[31/May/2023 00:46:20] "GET /app/morningmusiclist/?format=json HTTP/1.1" 200 240
[31/May/2023 00:46:55] "GET /app/goodmorning/?format=json HTTP/1.1" 200 88
[31/May/2023 00:47:47] "GET /app/morningmusiclist/get_music_name/?format=json HTTP/1.1" 200 78
[31/May/2023 00:47:47] "GET /app/morningmusiclist/?format=json HTTP/1.1" 200 240
[31/May/2023 00:48:17] "GET /app/goodmorning/?format=json HTTP/1.1" 200 88
[31/May/2023 00:48:17] "GET /app/morningmusiclist/get_music_name/?format=json HTTP/1.1" 200 78
[31/May/2023 00:48:18] "GET /app/morningmusiclist/?format=json HTTP/1.1" 200 240
[31/May/2023 00:48:21] "GET /app/morningdestlist/get_music_name/ HTTP/1.1" 200 64
[31/May/2023 00:48:21] "GET /app/morningdestlist/?format=json HTTP/1.1" 200 321
[31/May/2023 00:48:49] "GET /app/goodafternoon/?format=json HTTP/1.1" 200 75
[31/May/2023 00:49:31] "GET /app/goodafternoon/?format=json HTTP/1.1" 200 75
[31/May/2023 00:49:31] "GET /app/afternoonstudymusicList/get_music_name/ HTTP/1.1" 200 48
[31/May/2023 00:49:31] "GET /app/afternoonstudymusicList/?format=json HTTP/1.1" 200 156
[31/May/2023 00:50:00] "GET /app/goodafternoon/?format=json HTTP/1.1" 200 75
[31/May/2023 00:50:00] "GET /app/afternoonnapmusicList/get_music_name/ HTTP/1.1" 200 110
[31/May/2023 00:50:00] "GET /app/afternoonnapmusicList/?format=json HTTP/1.1" 200 442
[31/May/2023 00:50:31] "GET /app/goodevening/?format=json HTTP/1.1" 200 97
[31/May/2023 00:50:45] "GET /app/goodevening/?format=json HTTP/1.1" 200 97
[31/May/2023 00:51:57] "GET /app/goodafternoon/?format=json HTTP/1.1" 200 75
[31/May/2023 00:52:39] "GET /app/eveningdiary/?format=json HTTP/1.1" 200 35
[31/May/2023 00:53:18] "GET /app/eveningsleepmusiclist/get_sleepmusic_name/ HTTP/1.1" 200 61
[31/May/2023 00:53:18] "GET /app/eveningsleepmusiclist/?format=json HTTP/1.1" 200 169
[31/May/2023 00:54:05] "GET /app/morningmusiclist/ HTTP/1.1" 200 10362
[31/May/2023 00:57:36] "GET /app/goodafternoon/?format=json HTTP/1.1" 200 75
[31/May/2023 01:03:00] "GET / HTTP/1.1" 200 8378
Invalid HTTP_HOST header: 'google.com:443'. You may need to add 'google.com' to ALLOWED_HOSTS.
Traceback (most recent call last):
  File "/home/ubuntu/myvenv/lib/python3.10/site-packages/django/core/handlers/exception.py", line 55, in inner
    response = get_response(request)
  File "/home/ubuntu/myvenv/lib/python3.10/site-packages/django/utils/deprecation.py", line 133, in __call__
    response = self.process_request(request)
  File "/home/ubuntu/myvenv/lib/python3.10/site-packages/django/middleware/common.py", line 48, in process_request
    host = request.get_host()
  File "/home/ubuntu/myvenv/lib/python3.10/site-packages/django/http/request.py", line 150, in get_host
    raise DisallowedHost(msg)
django.core.exceptions.DisallowedHost: Invalid HTTP_HOST header: 'google.com:443'. You may need to add 'google.com' to ALLOWED_HOSTS.
Bad Request: /google.com:443
[31/May/2023 01:14:05] "CONNECT google.com:443 HTTP/1.1" 400 67661
[31/May/2023 01:15:34] "GET / HTTP/1.1" 200 858
Invalid HTTP_HOST header: ''. The domain name provided is not valid according to RFC 1034/1035.
Traceback (most recent call last):
  File "/home/ubuntu/myvenv/lib/python3.10/site-packages/django/core/handlers/exception.py", line 55, in inner
    response = get_response(request)
  File "/home/ubuntu/myvenv/lib/python3.10/site-packages/django/utils/deprecation.py", line 133, in __call__
    response = self.process_request(request)
  File "/home/ubuntu/myvenv/lib/python3.10/site-packages/django/middleware/common.py", line 48, in process_request
    host = request.get_host()
  File "/home/ubuntu/myvenv/lib/python3.10/site-packages/django/http/request.py", line 150, in get_host
    raise DisallowedHost(msg)
django.core.exceptions.DisallowedHost: Invalid HTTP_HOST header: ''. The domain name provided is not valid according to RFC 1034/1035.
Bad Request: /manager/html
[31/May/2023 01:21:00] "GET /manager/html HTTP/1.1" 400 67462
[31/May/2023 01:24:41] "GET / HTTP/1.1" 200 858
[31/May/2023 01:34:21] "GET / HTTP/1.1" 200 858
[31/May/2023 01:34:33,165] - Broken pipe from ('167.94.138.50', 47212)
[31/May/2023 01:34:34] "GET / HTTP/1.1" 200 858
[31/May/2023 01:34:34,550] - Broken pipe from ('167.94.138.50', 42268)
[31/May/2023 01:34:34] "GET / HTTP/1.1" 200 858
[31/May/2023 01:34:35] code 505, message Invalid HTTP version (2.0)
[31/May/2023 01:34:35] "PRI * HTTP/2.0" 505 -
Not Found: /favicon.ico
[31/May/2023 01:34:35] "GET /favicon.ico HTTP/1.1" 404 21408
[31/May/2023 01:42:21] "GET /app/goodmorning/?format=json HTTP/1.1" 200 88
[31/May/2023 01:43:10] "GET /app/morningmusiclist/get_music_name/?format=json HTTP/1.1" 200 78
[31/May/2023 01:43:10] "GET /app/morningmusiclist/?format=json HTTP/1.1" 200 240
[31/May/2023 01:47:47] "GET /app/goodmorning/?format=json HTTP/1.1" 200 88
[31/May/2023 01:48:31] "GET /app/morningmusiclist/get_music_name/?format=json HTTP/1.1" 200 78
[31/May/2023 01:48:31] "GET /app/morningmusiclist/?format=json HTTP/1.1" 200 240
[31/May/2023 01:49:42] "GET /app/goodmorning/?format=json HTTP/1.1" 200 88
[31/May/2023 01:50:27] "GET /app/morningmusiclist/get_music_name/?format=json HTTP/1.1" 200 78
[31/May/2023 01:50:27] "GET /app/morningmusiclist/?format=json HTTP/1.1" 200 240
[31/May/2023 01:51:41] "GET /app/goodmorning/?format=json HTTP/1.1" 200 88
[31/May/2023 01:51:41] "GET /app/morningmusiclist/get_music_name/?format=json HTTP/1.1" 200 78
[31/May/2023 01:51:41] "GET /app/morningmusiclist/?format=json HTTP/1.1" 200 240
[31/May/2023 01:51:43] "GET /app/morningdestlist/get_music_name/ HTTP/1.1" 200 64
[31/May/2023 01:51:43] "GET /app/morningdestlist/?format=json HTTP/1.1" 200 321
[31/May/2023 01:52:03] "GET /app/goodmorning/?format=json HTTP/1.1" 200 88
[31/May/2023 01:52:03] "GET /app/morningmusiclist/get_music_name/?format=json HTTP/1.1" 200 78
[31/May/2023 01:52:03] "GET /app/morningmusiclist/?format=json HTTP/1.1" 200 240
[31/May/2023 01:52:05] "GET /app/morningdestlist/get_music_name/ HTTP/1.1" 200 64
[31/May/2023 01:52:05] "GET /app/morningdestlist/?format=json HTTP/1.1" 200 321
[31/May/2023 01:52:51] "GET /app/goodmorning/?format=json HTTP/1.1" 200 88
[31/May/2023 01:53:13] "GET /app/goodafternoon/?format=json HTTP/1.1" 200 75
[31/May/2023 01:53:28] "GET /app/goodafternoon/?format=json HTTP/1.1" 200 75
[31/May/2023 01:53:36] "GET /app/morningmusiclist/get_music_name/?format=json HTTP/1.1" 200 78
[31/May/2023 01:53:36] "GET /app/morningmusiclist/?format=json HTTP/1.1" 200 240
[31/May/2023 01:55:13] "GET /app/goodmorning/?format=json HTTP/1.1" 200 88
[31/May/2023 01:55:50] "GET /app/goodmorning/?format=json HTTP/1.1" 200 88
[31/May/2023 01:56:24] "GET /app/goodafternoon/?format=json HTTP/1.1" 200 75
[31/May/2023 01:56:39] "GET /app/goodmorning/?format=json HTTP/1.1" 200 88
[31/May/2023 01:56:42] "GET /app/morningmusiclist/get_music_name/?format=json HTTP/1.1" 200 78
[31/May/2023 01:56:42] "GET /app/morningmusiclist/?format=json HTTP/1.1" 200 240
[31/May/2023 01:56:43] "GET /app/goodafternoon/?format=json HTTP/1.1" 200 75
[31/May/2023 01:56:59] "GET /app/goodafternoon/?format=json HTTP/1.1" 200 75
[31/May/2023 01:57:48] "GET /app/goodmorning/?format=json HTTP/1.1" 200 88
[31/May/2023 01:59:15] "GET /app/goodafternoon/?format=json HTTP/1.1" 200 75
[31/May/2023 02:00:34] "GET /app/goodafternoon/?format=json HTTP/1.1" 200 75
[31/May/2023 02:03:56] "GET /app/goodevening/?format=json HTTP/1.1" 200 97
[31/May/2023 02:04:11] "GET /app/goodevening/?format=json HTTP/1.1" 200 97
[31/May/2023 02:05:06] "GET /app/goodmorning/?format=json HTTP/1.1" 200 88
[31/May/2023 02:05:08] "GET /app/goodmorning/?format=json HTTP/1.1" 200 88
[31/May/2023 02:05:08] "GET /app/morningmusiclist/get_music_name/?format=json HTTP/1.1" 200 78
[31/May/2023 02:05:08] "GET /app/morningmusiclist/?format=json HTTP/1.1" 200 240
[31/May/2023 02:05:12] "GET /app/goodafternoon/?format=json HTTP/1.1" 200 75
[31/May/2023 02:07:19] "GET /app/goodevening/?format=json HTTP/1.1" 200 97
[31/May/2023 02:08:47] "GET /app/goodevening/?format=json HTTP/1.1" 200 97
[31/May/2023 02:10:25] "GET /app/goodevening/?format=json HTTP/1.1" 200 97
[31/May/2023 02:10:28] "GET /app/goodevening/?format=json HTTP/1.1" 200 97
[31/May/2023 02:11:32] "GET /app/goodevening/?format=json HTTP/1.1" 200 97
[31/May/2023 02:14:11] "GET /app/goodevening/?format=json HTTP/1.1" 200 97
[31/May/2023 02:15:12] "GET /app/goodevening/?format=json HTTP/1.1" 200 97
[31/May/2023 02:15:26] "GET /app/goodmorning/ HTTP/1.1" 200 10042
[31/May/2023 02:15:29] "GET /app/morningmusiclist/ HTTP/1.1" 200 10362
[31/May/2023 02:15:31] "GET /app/goodafternoon/ HTTP/1.1" 200 10029
[31/May/2023 02:15:34] "GET /app/afternoonstudymusicList/ HTTP/1.1" 200 10261
[31/May/2023 02:15:37] "GET /app/afternoonnapmusicList/ HTTP/1.1" 200 11224
[31/May/2023 02:15:40] "GET /app/goodevening/ HTTP/1.1" 200 9793
[31/May/2023 02:15:45] "GET /app/goodevening/1 HTTP/1.1" 301 0
[31/May/2023 02:15:45] "GET /app/goodevening/1/ HTTP/1.1" 200 11126
[31/May/2023 02:15:48] "PUT /app/goodevening/1/ HTTP/1.1" 200 11099
[31/May/2023 02:15:50] "GET / HTTP/1.1" 200 8378
[31/May/2023 02:15:52] "GET /app/goodevening/?format=json HTTP/1.1" 200 88
[31/May/2023 02:17:04] "GET /app/morningblock/?format=json HTTP/1.1" 200 264
[31/May/2023 02:17:05] "GET /app/morningblock/?format=json HTTP/1.1" 200 264
[31/May/2023 02:17:07] "GET /app/morningblock/?format=json HTTP/1.1" 200 264
[31/May/2023 02:17:11] "GET /app/morningblock/?format=json HTTP/1.1" 200 264
[31/May/2023 02:17:26] "GET /app/morningblock/?format=json HTTP/1.1" 200 264
[31/May/2023 02:17:27] "GET /app/morningblock/?format=json HTTP/1.1" 200 264
[31/May/2023 02:17:29] "GET /app/morningblock/?format=json HTTP/1.1" 200 264
[31/May/2023 02:17:33] "GET /app/morningblock/?format=json HTTP/1.1" 200 264
[31/May/2023 02:17:43] "GET /app/morningblock/?format=json HTTP/1.1" 200 264
[31/May/2023 02:17:44] "GET /app/morningblock/?format=json HTTP/1.1" 200 264
[31/May/2023 02:17:59] "GET /app/morningblock/?format=json HTTP/1.1" 200 264
[31/May/2023 02:18:45] "GET /app/goodmorning/?format=json HTTP/1.1" 200 88
[31/May/2023 02:19:37] "GET /app/morningmusiclist/get_music_name/?format=json HTTP/1.1" 200 78
[31/May/2023 02:19:37] "GET /app/morningmusiclist/?format=json HTTP/1.1" 200 240
[31/May/2023 02:19:59] "GET /app/goodmorning/?format=json HTTP/1.1" 200 88
[31/May/2023 02:20:51] "GET /app/morningmusiclist/get_music_name/?format=json HTTP/1.1" 200 78
[31/May/2023 02:20:51] "GET /app/morningmusiclist/?format=json HTTP/1.1" 200 240
[31/May/2023 02:21:13] "GET /app/goodmorning/?format=json HTTP/1.1" 200 88
[31/May/2023 02:21:13] "GET /app/morningmusiclist/get_music_name/?format=json HTTP/1.1" 200 78
[31/May/2023 02:21:13] "GET /app/morningmusiclist/?format=json HTTP/1.1" 200 240
[31/May/2023 02:21:15] "GET /app/afternoonblock/1/?format=json HTTP/1.1" 200 117
[31/May/2023 02:21:18] "GET /app/morningdestlist/get_music_name/ HTTP/1.1" 200 64
[31/May/2023 02:21:18] "GET /app/morningdestlist/?format=json HTTP/1.1" 200 321
Not Found: /favicon.ico
[31/May/2023 02:21:19] "GET /favicon.ico HTTP/1.1" 404 21449
[31/May/2023 02:21:24] "GET /app/afternoonblock/?format=json HTTP/1.1" 200 436
[31/May/2023 02:21:28] "GET /app/goodafternoon/?format=json HTTP/1.1" 200 75
[31/May/2023 02:21:53] "GET /app/goodafternoon/?format=json HTTP/1.1" 200 75
[31/May/2023 02:22:31] "GET /app/goodafternoon/?format=json HTTP/1.1" 200 75
[31/May/2023 02:22:31] "GET /app/afternoonstudymusicList/get_music_name/ HTTP/1.1" 200 48
[31/May/2023 02:22:31] "GET /app/afternoonstudymusicList/?format=json HTTP/1.1" 200 156
[31/May/2023 02:22:40] "GET /app/goodafternoon/?format=json HTTP/1.1" 200 75
[31/May/2023 02:22:40] "GET /app/afternoonnapmusicList/get_music_name/ HTTP/1.1" 200 110
[31/May/2023 02:22:40] "GET /app/afternoonnapmusicList/?format=json HTTP/1.1" 200 442
[31/May/2023 02:22:56] "GET /app/goodevening/?format=json HTTP/1.1" 200 88
[31/May/2023 02:23:13] "GET /app/goodafternoon/?format=json HTTP/1.1" 200 75
[31/May/2023 02:23:49] "GET /app/goodafternoon/?format=json HTTP/1.1" 200 75
[31/May/2023 02:25:26] "GET /app/morningblock/ HTTP/1.1" 200 9936
[31/May/2023 02:25:26] "GET /static/rest_framework/css/bootstrap.min.css HTTP/1.1" 304 0
[31/May/2023 02:25:26] "GET /static/rest_framework/css/bootstrap-tweaks.css HTTP/1.1" 304 0
[31/May/2023 02:25:26] "GET /static/rest_framework/css/default.css HTTP/1.1" 304 0
[31/May/2023 02:25:26] "GET /static/rest_framework/css/prettify.css HTTP/1.1" 304 0
[31/May/2023 02:25:26] "GET /static/rest_framework/js/ajax-form.js HTTP/1.1" 304 0
[31/May/2023 02:25:26] "GET /static/rest_framework/js/jquery-3.5.1.min.js HTTP/1.1" 304 0
[31/May/2023 02:25:26] "GET /static/rest_framework/js/csrf.js HTTP/1.1" 304 0
[31/May/2023 02:25:26] "GET /static/rest_framework/js/bootstrap.min.js HTTP/1.1" 304 0
[31/May/2023 02:25:26] "GET /static/rest_framework/js/prettify-min.js HTTP/1.1" 304 0
[31/May/2023 02:25:26] "GET /static/rest_framework/js/default.js HTTP/1.1" 304 0
[31/May/2023 02:25:26] "GET /static/rest_framework/img/grid.png HTTP/1.1" 304 0
[31/May/2023 02:25:30] "GET /app/morningblock/ HTTP/1.1" 200 9936
[31/May/2023 02:25:37] "GET /app/afternoonblock/ HTTP/1.1" 200 10924
[31/May/2023 02:26:46] "GET /app/morningblock/?format=json HTTP/1.1" 200 264
[31/May/2023 02:27:02] "GET /app/morningblock/?format=json HTTP/1.1" 200 264
[31/May/2023 02:27:02] "GET /app/eveningblock/?format=json HTTP/1.1" 200 359
[31/May/2023 02:27:02] "GET /app/afternoonblock/?format=json HTTP/1.1" 200 436
[31/May/2023 02:27:04] "OPTIONS /app/morningblock/1/?format=json HTTP/1.1" 200 0
[31/May/2023 02:27:05] "PATCH /app/morningblock/1/?format=json HTTP/1.1" 200 70
[31/May/2023 02:27:23] "GET /app/morningblock/?format=json HTTP/1.1" 200 264
[31/May/2023 02:27:23] "GET /app/afternoonblock/?format=json HTTP/1.1" 200 436
[31/May/2023 02:27:23] "GET /app/eveningblock/?format=json HTTP/1.1" 200 359
[31/May/2023 02:27:25] "GET /app/morningmusiclist/?format=json HTTP/1.1" 200 240
[31/May/2023 02:27:28] "GET /app/goodmorning/?format=json HTTP/1.1" 200 88
[31/May/2023 02:27:36] "GET / HTTP/1.1" 200 8378
[31/May/2023 02:27:39] "GET /app/goodmorning/ HTTP/1.1" 200 10042
[31/May/2023 02:27:42] "GET /app/goodmorning/ HTTP/1.1" 200 10042
[31/May/2023 02:27:43] "GET /app/afternoonblock/?format=json HTTP/1.1" 200 436
[31/May/2023 02:27:43] "GET /app/morningblock/?format=json HTTP/1.1" 200 264
[31/May/2023 02:27:43] "GET /app/eveningblock/?format=json HTTP/1.1" 200 359
[31/May/2023 02:27:45] "GET /app/morningmusiclist/?format=json HTTP/1.1" 200 240
[31/May/2023 02:27:47] "GET /app/goodmorning/ HTTP/1.1" 200 10042
[31/May/2023 02:27:47] "GET /app/morningmusiclist/?format=json HTTP/1.1" 200 240
[31/May/2023 02:27:48] "GET /app/goodmorning/ HTTP/1.1" 200 10042
[31/May/2023 02:27:48] "GET /app/goodmorning/ HTTP/1.1" 200 10042
[31/May/2023 02:27:48] "GET /app/goodmorning/ HTTP/1.1" 200 10042
[31/May/2023 02:27:49] "GET /app/goodmorning/ HTTP/1.1" 200 10042
[31/May/2023 02:27:49] "GET /app/goodmorning/ HTTP/1.1" 200 10042
[31/May/2023 02:27:49] "GET /app/goodmorning/ HTTP/1.1" 200 10042
[31/May/2023 02:27:56] "GET /app/goodmorning/ HTTP/1.1" 200 10042
[31/May/2023 02:27:57] "GET /app/goodmorning/ HTTP/1.1" 200 10042
[31/May/2023 02:28:20] "GET /app/goodmorning/?format=json HTTP/1.1" 200 88
[31/May/2023 02:28:24] "GET /app/morningmusiclist/?format=json HTTP/1.1" 200 240
[31/May/2023 02:28:38] "GET /app/morningmusiclist/?format=json HTTP/1.1" 200 240
[31/May/2023 02:28:46] "GET /app/goodmorning/1/ HTTP/1.1" 200 11351
[31/May/2023 02:28:46] "OPTIONS /app/morningmusiclist/?format=json HTTP/1.1" 200 0
[31/May/2023 02:28:46] "POST /app/morningmusiclist/?format=json HTTP/1.1" 201 78
[31/May/2023 02:28:52] "GET /app/goodmorning/1 HTTP/1.1" 301 0
[31/May/2023 02:28:52] "GET /app/goodmorning/1/ HTTP/1.1" 200 11351
[31/May/2023 02:28:52] "GET /app/goodmorning/1/ HTTP/1.1" 200 11351
[31/May/2023 02:28:53] "GET /static/rest_framework/css/bootstrap.min.css HTTP/1.1" 200 121457
[31/May/2023 02:28:53] "GET /static/rest_framework/css/bootstrap-tweaks.css HTTP/1.1" 200 3385
[31/May/2023 02:28:53] "GET /static/rest_framework/css/prettify.css HTTP/1.1" 200 817
[31/May/2023 02:28:53] "GET /static/rest_framework/css/default.css HTTP/1.1" 200 1152
[31/May/2023 02:28:53] "GET /static/rest_framework/js/ajax-form.js HTTP/1.1" 200 3597
[31/May/2023 02:28:53] "GET /static/rest_framework/js/jquery-3.5.1.min.js HTTP/1.1" 200 89476
[31/May/2023 02:28:53] "GET /static/rest_framework/js/csrf.js HTTP/1.1" 200 1719
[31/May/2023 02:28:53] "GET /static/rest_framework/js/bootstrap.min.js HTTP/1.1" 200 39680
[31/May/2023 02:28:53] "GET /static/rest_framework/js/prettify-min.js HTTP/1.1" 200 13632
[31/May/2023 02:28:53] "GET /static/rest_framework/js/default.js HTTP/1.1" 200 1268
[31/May/2023 02:28:55] "GET /static/rest_framework/img/grid.png HTTP/1.1" 200 1458
[31/May/2023 02:29:12] "GET /app/morningmusiclist/get_music_name/?format=json HTTP/1.1" 200 78
[31/May/2023 02:29:12] "GET /app/morningmusiclist/?format=json HTTP/1.1" 200 319
[31/May/2023 02:29:47] "GET / HTTP/1.1" 200 8378
[31/May/2023 02:29:57] "GET /app/morningblock/?format=json HTTP/1.1" 200 264
[31/May/2023 02:29:58] "GET /app/morningmusiclist/?format=json HTTP/1.1" 200 319
[31/May/2023 02:30:27] "GET /app/goodmorning/ HTTP/1.1" 200 10042
[31/May/2023 02:30:34] "GET / HTTP/1.1" 200 8378
[31/May/2023 02:30:36] "GET /app/morningblock/ HTTP/1.1" 200 9936
[31/May/2023 02:31:30] "GET /app/afternoonblock/?format=json HTTP/1.1" 200 436
[31/May/2023 02:31:30] "GET /app/morningblock/?format=json HTTP/1.1" 200 264
[31/May/2023 02:31:30] "GET /app/eveningblock/?format=json HTTP/1.1" 200 359
[31/May/2023 02:31:32] "GET /app/morningmusiclist/?format=json HTTP/1.1" 200 319
[31/May/2023 02:31:41] "GET /app/morningmusiclist/?format=json HTTP/1.1" 200 319
[31/May/2023 02:31:48] "GET / HTTP/1.1" 200 8378
[31/May/2023 02:31:56] "GET /app/goodmorning/ HTTP/1.1" 200 10042
[31/May/2023 02:32:00] "GET /app/goodafternoon/ HTTP/1.1" 200 10029
[31/May/2023 02:32:00] "GET /app/morningmusiclist/?format=json HTTP/1.1" 200 319
[31/May/2023 02:32:04] "GET /app/goodevening/ HTTP/1.1" 200 9784
[31/May/2023 02:32:31] "GET /app/morningmusiclist/?format=json HTTP/1.1" 200 319
[31/May/2023 02:32:31] "OPTIONS /app/eveningblock/5 HTTP/1.1" 200 0
Internal Server Error: /app/eveningblock/5
Traceback (most recent call last):
  File "/home/ubuntu/myvenv/lib/python3.10/site-packages/django/core/handlers/exception.py", line 55, in inner
    response = get_response(request)
  File "/home/ubuntu/myvenv/lib/python3.10/site-packages/django/utils/deprecation.py", line 136, in __call__
    response = self.process_response(request, response)
  File "/home/ubuntu/myvenv/lib/python3.10/site-packages/django/middleware/common.py", line 108, in process_response
    return self.response_redirect_class(self.get_full_path_with_slash(request))
  File "/home/ubuntu/myvenv/lib/python3.10/site-packages/django/middleware/common.py", line 87, in get_full_path_with_slash
    raise RuntimeError(
RuntimeError: You called this URL via PATCH, but the URL doesn't end in a slash and you have APPEND_SLASH set. Django can't redirect to the slash URL while maintaining PATCH data. Change your form to point to ec2-13-124-90-246.ap-northeast-2.compute.amazonaws.com:8080/app/eveningblock/5/ (note the trailing slash), or set APPEND_SLASH=False in your Django settings.
[31/May/2023 02:32:31] "PATCH /app/eveningblock/5 HTTP/1.1" 500 69411
Internal Server Error: /app/eveningblock/5
Traceback (most recent call last):
  File "/home/ubuntu/myvenv/lib/python3.10/site-packages/django/core/handlers/exception.py", line 55, in inner
    response = get_response(request)
  File "/home/ubuntu/myvenv/lib/python3.10/site-packages/django/utils/deprecation.py", line 136, in __call__
    response = self.process_response(request, response)
  File "/home/ubuntu/myvenv/lib/python3.10/site-packages/django/middleware/common.py", line 108, in process_response
    return self.response_redirect_class(self.get_full_path_with_slash(request))
  File "/home/ubuntu/myvenv/lib/python3.10/site-packages/django/middleware/common.py", line 87, in get_full_path_with_slash
    raise RuntimeError(
RuntimeError: You called this URL via PATCH, but the URL doesn't end in a slash and you have APPEND_SLASH set. Django can't redirect to the slash URL while maintaining PATCH data. Change your form to point to ec2-13-124-90-246.ap-northeast-2.compute.amazonaws.com:8080/app/eveningblock/5/ (note the trailing slash), or set APPEND_SLASH=False in your Django settings.
[31/May/2023 02:32:35] "PATCH /app/eveningblock/5 HTTP/1.1" 500 69411
Internal Server Error: /app/eveningblock/5
Traceback (most recent call last):
  File "/home/ubuntu/myvenv/lib/python3.10/site-packages/django/core/handlers/exception.py", line 55, in inner
    response = get_response(request)
  File "/home/ubuntu/myvenv/lib/python3.10/site-packages/django/utils/deprecation.py", line 136, in __call__
    response = self.process_response(request, response)
  File "/home/ubuntu/myvenv/lib/python3.10/site-packages/django/middleware/common.py", line 108, in process_response
    return self.response_redirect_class(self.get_full_path_with_slash(request))
  File "/home/ubuntu/myvenv/lib/python3.10/site-packages/django/middleware/common.py", line 87, in get_full_path_with_slash
    raise RuntimeError(
RuntimeError: You called this URL via PATCH, but the URL doesn't end in a slash and you have APPEND_SLASH set. Django can't redirect to the slash URL while maintaining PATCH data. Change your form to point to ec2-13-124-90-246.ap-northeast-2.compute.amazonaws.com:8080/app/eveningblock/5/ (note the trailing slash), or set APPEND_SLASH=False in your Django settings.
[31/May/2023 02:32:36] "PATCH /app/eveningblock/5 HTTP/1.1" 500 69411
Internal Server Error: /app/eveningblock/5
Traceback (most recent call last):
  File "/home/ubuntu/myvenv/lib/python3.10/site-packages/django/core/handlers/exception.py", line 55, in inner
    response = get_response(request)
  File "/home/ubuntu/myvenv/lib/python3.10/site-packages/django/utils/deprecation.py", line 136, in __call__
    response = self.process_response(request, response)
  File "/home/ubuntu/myvenv/lib/python3.10/site-packages/django/middleware/common.py", line 108, in process_response
    return self.response_redirect_class(self.get_full_path_with_slash(request))
  File "/home/ubuntu/myvenv/lib/python3.10/site-packages/django/middleware/common.py", line 87, in get_full_path_with_slash
    raise RuntimeError(
RuntimeError: You called this URL via PATCH, but the URL doesn't end in a slash and you have APPEND_SLASH set. Django can't redirect to the slash URL while maintaining PATCH data. Change your form to point to ec2-13-124-90-246.ap-northeast-2.compute.amazonaws.com:8080/app/eveningblock/5/ (note the trailing slash), or set APPEND_SLASH=False in your Django settings.
[31/May/2023 02:32:36] "PATCH /app/eveningblock/5 HTTP/1.1" 500 69411
Internal Server Error: /app/eveningblock/5
Traceback (most recent call last):
  File "/home/ubuntu/myvenv/lib/python3.10/site-packages/django/core/handlers/exception.py", line 55, in inner
    response = get_response(request)
  File "/home/ubuntu/myvenv/lib/python3.10/site-packages/django/utils/deprecation.py", line 136, in __call__
    response = self.process_response(request, response)
  File "/home/ubuntu/myvenv/lib/python3.10/site-packages/django/middleware/common.py", line 108, in process_response
    return self.response_redirect_class(self.get_full_path_with_slash(request))
  File "/home/ubuntu/myvenv/lib/python3.10/site-packages/django/middleware/common.py", line 87, in get_full_path_with_slash
    raise RuntimeError(
RuntimeError: You called this URL via PATCH, but the URL doesn't end in a slash and you have APPEND_SLASH set. Django can't redirect to the slash URL while maintaining PATCH data. Change your form to point to ec2-13-124-90-246.ap-northeast-2.compute.amazonaws.com:8080/app/eveningblock/5/ (note the trailing slash), or set APPEND_SLASH=False in your Django settings.
[31/May/2023 02:32:36] "PATCH /app/eveningblock/5 HTTP/1.1" 500 69411
Internal Server Error: /app/eveningblock/5
Traceback (most recent call last):
  File "/home/ubuntu/myvenv/lib/python3.10/site-packages/django/core/handlers/exception.py", line 55, in inner
    response = get_response(request)
  File "/home/ubuntu/myvenv/lib/python3.10/site-packages/django/utils/deprecation.py", line 136, in __call__
    response = self.process_response(request, response)
  File "/home/ubuntu/myvenv/lib/python3.10/site-packages/django/middleware/common.py", line 108, in process_response
    return self.response_redirect_class(self.get_full_path_with_slash(request))
  File "/home/ubuntu/myvenv/lib/python3.10/site-packages/django/middleware/common.py", line 87, in get_full_path_with_slash
    raise RuntimeError(
RuntimeError: You called this URL via PATCH, but the URL doesn't end in a slash and you have APPEND_SLASH set. Django can't redirect to the slash URL while maintaining PATCH data. Change your form to point to ec2-13-124-90-246.ap-northeast-2.compute.amazonaws.com:8080/app/eveningblock/5/ (note the trailing slash), or set APPEND_SLASH=False in your Django settings.
[31/May/2023 02:32:37] "PATCH /app/eveningblock/5 HTTP/1.1" 500 69411
Internal Server Error: /app/eveningblock/5
Traceback (most recent call last):
  File "/home/ubuntu/myvenv/lib/python3.10/site-packages/django/core/handlers/exception.py", line 55, in inner
    response = get_response(request)
  File "/home/ubuntu/myvenv/lib/python3.10/site-packages/django/utils/deprecation.py", line 136, in __call__
    response = self.process_response(request, response)
  File "/home/ubuntu/myvenv/lib/python3.10/site-packages/django/middleware/common.py", line 108, in process_response
    return self.response_redirect_class(self.get_full_path_with_slash(request))
  File "/home/ubuntu/myvenv/lib/python3.10/site-packages/django/middleware/common.py", line 87, in get_full_path_with_slash
    raise RuntimeError(
RuntimeError: You called this URL via PATCH, but the URL doesn't end in a slash and you have APPEND_SLASH set. Django can't redirect to the slash URL while maintaining PATCH data. Change your form to point to ec2-13-124-90-246.ap-northeast-2.compute.amazonaws.com:8080/app/eveningblock/5/ (note the trailing slash), or set APPEND_SLASH=False in your Django settings.
[31/May/2023 02:32:37] "PATCH /app/eveningblock/5 HTTP/1.1" 500 69411
[31/May/2023 02:32:43] "GET /app/morningmusiclist/?format=json HTTP/1.1" 200 319
[31/May/2023 02:32:43] "OPTIONS /app/eveningblock/4 HTTP/1.1" 200 0
Internal Server Error: /app/eveningblock/4
Traceback (most recent call last):
  File "/home/ubuntu/myvenv/lib/python3.10/site-packages/django/core/handlers/exception.py", line 55, in inner
    response = get_response(request)
  File "/home/ubuntu/myvenv/lib/python3.10/site-packages/django/utils/deprecation.py", line 136, in __call__
    response = self.process_response(request, response)
  File "/home/ubuntu/myvenv/lib/python3.10/site-packages/django/middleware/common.py", line 108, in process_response
    return self.response_redirect_class(self.get_full_path_with_slash(request))
  File "/home/ubuntu/myvenv/lib/python3.10/site-packages/django/middleware/common.py", line 87, in get_full_path_with_slash
    raise RuntimeError(
RuntimeError: You called this URL via PATCH, but the URL doesn't end in a slash and you have APPEND_SLASH set. Django can't redirect to the slash URL while maintaining PATCH data. Change your form to point to ec2-13-124-90-246.ap-northeast-2.compute.amazonaws.com:8080/app/eveningblock/4/ (note the trailing slash), or set APPEND_SLASH=False in your Django settings.
[31/May/2023 02:32:43] "PATCH /app/eveningblock/4 HTTP/1.1" 500 69411
Internal Server Error: /app/eveningblock/4
Traceback (most recent call last):
  File "/home/ubuntu/myvenv/lib/python3.10/site-packages/django/core/handlers/exception.py", line 55, in inner
    response = get_response(request)
  File "/home/ubuntu/myvenv/lib/python3.10/site-packages/django/utils/deprecation.py", line 136, in __call__
    response = self.process_response(request, response)
  File "/home/ubuntu/myvenv/lib/python3.10/site-packages/django/middleware/common.py", line 108, in process_response
    return self.response_redirect_class(self.get_full_path_with_slash(request))
  File "/home/ubuntu/myvenv/lib/python3.10/site-packages/django/middleware/common.py", line 87, in get_full_path_with_slash
    raise RuntimeError(
RuntimeError: You called this URL via PATCH, but the URL doesn't end in a slash and you have APPEND_SLASH set. Django can't redirect to the slash URL while maintaining PATCH data. Change your form to point to ec2-13-124-90-246.ap-northeast-2.compute.amazonaws.com:8080/app/eveningblock/4/ (note the trailing slash), or set APPEND_SLASH=False in your Django settings.
[31/May/2023 02:32:44] "PATCH /app/eveningblock/4 HTTP/1.1" 500 69411
[31/May/2023 02:32:49] "OPTIONS /app/eveningblock/3 HTTP/1.1" 200 0
Internal Server Error: /app/eveningblock/3
Traceback (most recent call last):
  File "/home/ubuntu/myvenv/lib/python3.10/site-packages/django/core/handlers/exception.py", line 55, in inner
    response = get_response(request)
  File "/home/ubuntu/myvenv/lib/python3.10/site-packages/django/utils/deprecation.py", line 136, in __call__
    response = self.process_response(request, response)
  File "/home/ubuntu/myvenv/lib/python3.10/site-packages/django/middleware/common.py", line 108, in process_response
    return self.response_redirect_class(self.get_full_path_with_slash(request))
  File "/home/ubuntu/myvenv/lib/python3.10/site-packages/django/middleware/common.py", line 87, in get_full_path_with_slash
    raise RuntimeError(
RuntimeError: You called this URL via PATCH, but the URL doesn't end in a slash and you have APPEND_SLASH set. Django can't redirect to the slash URL while maintaining PATCH data. Change your form to point to ec2-13-124-90-246.ap-northeast-2.compute.amazonaws.com:8080/app/eveningblock/3/ (note the trailing slash), or set APPEND_SLASH=False in your Django settings.
[31/May/2023 02:32:49] "PATCH /app/eveningblock/3 HTTP/1.1" 500 69411
[31/May/2023 02:32:49] "OPTIONS /app/eveningblock/2 HTTP/1.1" 200 0
Internal Server Error: /app/eveningblock/2
Traceback (most recent call last):
  File "/home/ubuntu/myvenv/lib/python3.10/site-packages/django/core/handlers/exception.py", line 55, in inner
    response = get_response(request)
  File "/home/ubuntu/myvenv/lib/python3.10/site-packages/django/utils/deprecation.py", line 136, in __call__
    response = self.process_response(request, response)
  File "/home/ubuntu/myvenv/lib/python3.10/site-packages/django/middleware/common.py", line 108, in process_response
    return self.response_redirect_class(self.get_full_path_with_slash(request))
  File "/home/ubuntu/myvenv/lib/python3.10/site-packages/django/middleware/common.py", line 87, in get_full_path_with_slash
    raise RuntimeError(
RuntimeError: You called this URL via PATCH, but the URL doesn't end in a slash and you have APPEND_SLASH set. Django can't redirect to the slash URL while maintaining PATCH data. Change your form to point to ec2-13-124-90-246.ap-northeast-2.compute.amazonaws.com:8080/app/eveningblock/2/ (note the trailing slash), or set APPEND_SLASH=False in your Django settings.
[31/May/2023 02:32:49] "PATCH /app/eveningblock/2 HTTP/1.1" 500 69411
[31/May/2023 02:32:50] "OPTIONS /app/eveningblock/1 HTTP/1.1" 200 0
Internal Server Error: /app/eveningblock/1
Traceback (most recent call last):
  File "/home/ubuntu/myvenv/lib/python3.10/site-packages/django/core/handlers/exception.py", line 55, in inner
    response = get_response(request)
  File "/home/ubuntu/myvenv/lib/python3.10/site-packages/django/utils/deprecation.py", line 136, in __call__
    response = self.process_response(request, response)
  File "/home/ubuntu/myvenv/lib/python3.10/site-packages/django/middleware/common.py", line 108, in process_response
    return self.response_redirect_class(self.get_full_path_with_slash(request))
  File "/home/ubuntu/myvenv/lib/python3.10/site-packages/django/middleware/common.py", line 87, in get_full_path_with_slash
    raise RuntimeError(
RuntimeError: You called this URL via PATCH, but the URL doesn't end in a slash and you have APPEND_SLASH set. Django can't redirect to the slash URL while maintaining PATCH data. Change your form to point to ec2-13-124-90-246.ap-northeast-2.compute.amazonaws.com:8080/app/eveningblock/1/ (note the trailing slash), or set APPEND_SLASH=False in your Django settings.
[31/May/2023 02:32:50] "PATCH /app/eveningblock/1 HTTP/1.1" 500 69411
[31/May/2023 02:32:58] "GET /app/morningmusiclist/?format=json HTTP/1.1" 200 319
[31/May/2023 02:32:58] "OPTIONS /app/afternoonblock/1/?format=json HTTP/1.1" 200 0
[31/May/2023 02:32:58] "PATCH /app/afternoonblock/1/?format=json HTTP/1.1" 200 117
[31/May/2023 02:33:13] "GET /app/morningmusiclist/?format=json HTTP/1.1" 200 319
[31/May/2023 02:33:52] "GET / HTTP/1.1" 200 858
[31/May/2023 02:36:45] "GET /app/morningblock/?format=json HTTP/1.1" 200 264
[31/May/2023 02:36:45] "GET /app/eveningblock/?format=json HTTP/1.1" 200 359
[31/May/2023 02:36:45] "GET /app/morningmusiclist/?format=json HTTP/1.1" 200 319
[31/May/2023 02:36:45] "GET /app/afternoonblock/?format=json HTTP/1.1" 200 436
[31/May/2023 02:36:50] "GET /app/morningmusiclist/?format=json HTTP/1.1" 200 319
[31/May/2023 02:37:38] "GET /app/morningblock/ HTTP/1.1" 200 9936
[31/May/2023 02:40:07] "GET /app/morningblock/?format=json HTTP/1.1" 200 264
[31/May/2023 02:40:07] "GET /app/afternoonblock/?format=json HTTP/1.1" 200 436
[31/May/2023 02:40:07] "GET /app/morningmusiclist/?format=json HTTP/1.1" 200 319
[31/May/2023 02:40:07] "GET /app/eveningblock/?format=json HTTP/1.1" 200 359
[31/May/2023 02:40:12] "GET /app/morningmusiclist/?format=json HTTP/1.1" 200 319
[31/May/2023 02:40:18] "GET /app/afternoonblock/?format=json HTTP/1.1" 200 436
[31/May/2023 02:40:18] "GET /app/eveningblock/?format=json HTTP/1.1" 200 359
[31/May/2023 02:40:18] "GET /app/morningblock/?format=json HTTP/1.1" 200 264
[31/May/2023 02:40:21] "OPTIONS /app/eveningblock/2/?format=json HTTP/1.1" 200 0
[31/May/2023 02:40:21] "PATCH /app/eveningblock/2/?format=json HTTP/1.1" 200 74
[31/May/2023 02:40:22] "GET /app/eveningsleepmusiclist/?format=json HTTP/1.1" 200 169
[31/May/2023 02:42:53] "GET /app/morningblock/?format=json HTTP/1.1" 200 264
[31/May/2023 02:42:53] "GET /app/afternoonblock/?format=json HTTP/1.1" 200 436
[31/May/2023 02:42:53] "GET /app/eveningblock/?format=json HTTP/1.1" 200 359
[31/May/2023 02:42:56] "GET /app/morningblock/?format=json HTTP/1.1" 200 264
[31/May/2023 02:42:58] "GET /app/afternoonblock/?format=json HTTP/1.1" 200 436
[31/May/2023 02:42:58] "GET /app/eveningblock/?format=json HTTP/1.1" 200 359
[31/May/2023 02:42:58] "GET /app/morningblock/?format=json HTTP/1.1" 200 264
[31/May/2023 02:43:00] "GET /app/eveningblock/?format=json HTTP/1.1" 200 359
[31/May/2023 02:43:00] "GET /app/afternoonblock/?format=json HTTP/1.1" 200 436
[31/May/2023 02:43:02] "GET /app/morningblock/?format=json HTTP/1.1" 200 264
[31/May/2023 02:43:04] "GET /app/afternoonblock/?format=json HTTP/1.1" 200 436
[31/May/2023 02:43:04] "GET /app/eveningblock/?format=json HTTP/1.1" 200 359
[31/May/2023 02:43:09] "GET /app/afternoonblock/?format=json HTTP/1.1" 200 436
[31/May/2023 02:43:09] "GET /app/eveningblock/?format=json HTTP/1.1" 200 359
[31/May/2023 02:43:09] "GET /app/morningblock/?format=json HTTP/1.1" 200 264
[31/May/2023 02:43:52] "GET / HTTP/1.1" 200 8378
[31/May/2023 02:43:55] "GET /app/morningblock/ HTTP/1.1" 200 9936
[31/May/2023 02:49:14] "GET / HTTP/1.1" 200 8378
[31/May/2023 02:50:08] "GET /app/goodafternoon/ HTTP/1.1" 200 10029
[31/May/2023 02:50:14] "GET /app/afternoonblock/ HTTP/1.1" 200 10924
[31/May/2023 02:51:39] "GET / HTTP/1.1" 200 8378
[31/May/2023 02:51:44] "GET /app/goodevening/ HTTP/1.1" 200 9784
[31/May/2023 02:51:58] "GET / HTTP/1.1" 200 8378
[31/May/2023 02:52:00] "GET /app/eveningblock/ HTTP/1.1" 200 10141
[31/May/2023 02:52:46] "GET / HTTP/1.1" 200 8378
[31/May/2023 02:52:48] "GET /app/goodevening/ HTTP/1.1" 200 9784
[31/May/2023 02:53:01] "GET / HTTP/1.1" 200 8378
[31/May/2023 02:53:06] "GET /app/morningblock/ HTTP/1.1" 200 9936
[31/May/2023 02:53:09] "GET / HTTP/1.1" 200 8378
[31/May/2023 02:53:10] "GET /app/goodmorning/ HTTP/1.1" 200 10042
[31/May/2023 02:53:12] "GET / HTTP/1.1" 200 8378
[31/May/2023 02:53:14] "GET /app/morningblock/ HTTP/1.1" 200 9936
[31/May/2023 02:53:25] "GET / HTTP/1.1" 200 8378
[31/May/2023 02:53:28] "GET /app/goodmorning/ HTTP/1.1" 200 10042
[31/May/2023 02:56:29] "GET / HTTP/1.1" 200 8378
[31/May/2023 02:56:33] "GET /app/goodmorning/ HTTP/1.1" 200 10042
[31/May/2023 02:56:37] "GET /app/morningblock/ HTTP/1.1" 200 9936
[31/May/2023 02:56:41] "GET / HTTP/1.1" 200 8378
[31/May/2023 02:56:43] "GET /app/afternoonblock/ HTTP/1.1" 200 10924
[31/May/2023 02:56:52] "GET /app/afternoonblock/1 HTTP/1.1" 301 0
[31/May/2023 02:56:52] "GET /app/afternoonblock/1/ HTTP/1.1" 200 11521
[31/May/2023 02:57:09] "PUT /app/afternoonblock/1/ HTTP/1.1" 200 11470
[31/May/2023 02:57:11] "GET /app/afternoonblock/ HTTP/1.1" 200 10907
[31/May/2023 02:57:21] "GET / HTTP/1.1" 200 8378
[31/May/2023 02:57:22] "GET /app/afternoonblock/ HTTP/1.1" 200 10907
[31/May/2023 02:57:25] "GET /app/afternoonblock/4 HTTP/1.1" 301 0
[31/May/2023 02:57:25] "GET /app/afternoonblock/4/ HTTP/1.1" 200 11489
[31/May/2023 02:57:35] "PUT /app/afternoonblock/4/ HTTP/1.1" 200 11507
[31/May/2023 02:57:37] "GET / HTTP/1.1" 200 8378
[31/May/2023 02:57:39] "GET /app/afternoonblock/ HTTP/1.1" 200 10913
[31/May/2023 02:57:49] "GET / HTTP/1.1" 200 8378
[31/May/2023 02:57:50] "GET /app/eveningblock/ HTTP/1.1" 200 10141
[31/May/2023 02:57:55] "GET /app/eveningblock/2 HTTP/1.1" 301 0
[31/May/2023 02:57:55] "GET /app/eveningblock/2/ HTTP/1.1" 200 10828
[31/May/2023 02:58:01] "PUT /app/eveningblock/2/ HTTP/1.1" 200 10822
[31/May/2023 02:58:05] "GET /app/eveningblock/23 HTTP/1.1" 301 0
Not Found: /app/eveningblock/23/
[31/May/2023 02:58:05] "GET /app/eveningblock/23/ HTTP/1.1" 404 10640
[31/May/2023 02:58:07] "GET /app/eveningblock/3 HTTP/1.1" 301 0
[31/May/2023 02:58:07] "GET /app/eveningblock/3/ HTTP/1.1" 200 10849
[31/May/2023 02:58:12] "PUT /app/eveningblock/3/ HTTP/1.1" 200 10828
[31/May/2023 02:58:15] "GET /app/eveningblock/5 HTTP/1.1" 301 0
[31/May/2023 02:58:15] "GET /app/eveningblock/5/ HTTP/1.1" 200 10837
[31/May/2023 02:58:23] "PUT /app/eveningblock/5/ HTTP/1.1" 200 10786
[31/May/2023 02:58:24] "GET /app/eveningblock/ HTTP/1.1" 200 10115
[31/May/2023 02:58:26] "GET / HTTP/1.1" 200 8378
[31/May/2023 02:58:27] "GET /app/morningblock/ HTTP/1.1" 200 9936
[31/May/2023 02:58:30] "GET /app/morningblock/1 HTTP/1.1" 301 0
[31/May/2023 02:58:30] "GET /app/morningblock/1/ HTTP/1.1" 200 10816
[31/May/2023 02:58:32] "PUT /app/morningblock/1/ HTTP/1.1" 200 10786
[31/May/2023 02:58:34] "GET /app/morningblock/ HTTP/1.1" 200 9926
[31/May/2023 02:58:42] "GET / HTTP/1.1" 200 8378
[31/May/2023 02:58:43] "GET /app/afternoonblock/ HTTP/1.1" 200 10913
[31/May/2023 02:58:49] "GET / HTTP/1.1" 200 8378
[31/May/2023 02:58:50] "GET /app/eveningblock/ HTTP/1.1" 200 10115
[31/May/2023 02:59:38] "GET / HTTP/1.1" 200 8378
[31/May/2023 02:59:42] "GET /app/morningblock/ HTTP/1.1" 200 9926
[31/May/2023 02:59:51] "GET / HTTP/1.1" 200 8378
[31/May/2023 02:59:55] "GET /app/goodmorning/ HTTP/1.1" 200 10042
[31/May/2023 03:00:03] "GET / HTTP/1.1" 200 8378
[31/May/2023 03:00:42] "GET /app/morningblock/?format=json HTTP/1.1" 200 254
[31/May/2023 03:00:42] "GET /app/afternoonblock/?format=json HTTP/1.1" 200 425
[31/May/2023 03:00:42] "GET /app/eveningblock/?format=json HTTP/1.1" 200 333
[31/May/2023 03:00:44] "GET /app/morningblock/?format=json HTTP/1.1" 200 254
[31/May/2023 03:00:44] "GET /app/eveningblock/?format=json HTTP/1.1" 200 333
[31/May/2023 03:00:44] "GET /app/afternoonblock/?format=json HTTP/1.1" 200 425
[31/May/2023 03:00:46] "GET /app/morningblock/?format=json HTTP/1.1" 200 254
[31/May/2023 03:00:52] "GET /app/morningblock/?format=json HTTP/1.1" 200 254
[31/May/2023 03:00:52] "GET /app/afternoonblock/?format=json HTTP/1.1" 200 425
[31/May/2023 03:00:52] "GET /app/eveningblock/?format=json HTTP/1.1" 200 333
[31/May/2023 03:00:53] "GET /app/morningblock/?format=json HTTP/1.1" 200 254
[31/May/2023 03:00:53] "GET /app/eveningblock/?format=json HTTP/1.1" 200 333
[31/May/2023 03:00:53] "GET /app/afternoonblock/?format=json HTTP/1.1" 200 425
[31/May/2023 03:00:56] "GET /app/morningblock/?format=json HTTP/1.1" 200 254
[31/May/2023 03:00:56] "GET /app/eveningblock/?format=json HTTP/1.1" 200 333
[31/May/2023 03:00:56] "GET /app/afternoonblock/?format=json HTTP/1.1" 200 425
[31/May/2023 03:01:00] "GET /app/afternoonblock/?format=json HTTP/1.1" 200 425
[31/May/2023 03:01:00] "GET /app/morningblock/?format=json HTTP/1.1" 200 254
[31/May/2023 03:01:00] "GET /app/eveningblock/?format=json HTTP/1.1" 200 333
[31/May/2023 03:01:08] "GET /app/goodmorning/ HTTP/1.1" 200 10042
[31/May/2023 03:01:40] "GET / HTTP/1.1" 200 8378
[31/May/2023 03:01:41] "GET /app/morningblock/ HTTP/1.1" 200 9926
